<?xml version="1.0" encoding="UTF-8"?>
<!-- Generated by org.testng.reporters.JUnitXMLReporter -->
<testsuite ignored="0" hostname="DESKTOP-C3H4VQE" failures="0" tests="2" name="Default test" time="24.351" errors="0" timestamp="2023-06-04T10:38:21 EET">
  <testcase classname="Tests.UserRegisterationTest" name="UserCanRegisterSuccessfully" time="9.059"/>
  <testcase classname="Tests.UserRegisterationTest" name="UserCanLogin_And_LogOutSuccessfully" time="15.262"/>
</testsuite> <!-- Default test -->
