<?xml version="1.0" encoding="UTF-8"?>
<testng-results ignored="0" total="2" passed="2" failed="0" skipped="0">
  <reporter-output>
  </reporter-output>
  <suite started-at="2023-06-04T10:37:57 EET" name="Default suite" finished-at="2023-06-04T10:38:21 EET" duration-ms="24351">
    <groups>
    </groups>
    <test started-at="2023-06-04T10:37:57 EET" name="Default test" finished-at="2023-06-04T10:38:21 EET" duration-ms="24351">
      <class name="Tests.UserRegisterationTest">
        <test-method is-config="true" signature="startDriver()[pri:0, instance:Tests.UserRegisterationTest@67e0ff3a]" started-at="2023-06-04T10:37:50 EET" name="startDriver" finished-at="2023-06-04T10:37:57 EET" duration-ms="6946" status="PASS">
          <reporter-output>
          </reporter-output>
        </test-method> <!-- startDriver -->
        <test-method signature="UserCanRegisterSuccessfully()[pri:1, instance:Tests.UserRegisterationTest@67e0ff3a]" started-at="2023-06-04T10:37:57 EET" name="UserCanRegisterSuccessfully" finished-at="2023-06-04T10:38:06 EET" duration-ms="9059" status="PASS">
          <reporter-output>
          </reporter-output>
        </test-method> <!-- UserCanRegisterSuccessfully -->
        <test-method signature="UserCanLogin_And_LogOutSuccessfully()[pri:2, instance:Tests.UserRegisterationTest@67e0ff3a]" started-at="2023-06-04T10:38:06 EET" name="UserCanLogin_And_LogOutSuccessfully" finished-at="2023-06-04T10:38:21 EET" duration-ms="15262" status="PASS">
          <reporter-output>
          </reporter-output>
        </test-method> <!-- UserCanLogin_And_LogOutSuccessfully -->
        <test-method is-config="true" signature="stopDriver()[pri:0, instance:Tests.UserRegisterationTest@67e0ff3a]" started-at="2023-06-04T10:38:22 EET" name="stopDriver" finished-at="2023-06-04T10:38:22 EET" duration-ms="539" status="PASS">
          <reporter-output>
          </reporter-output>
        </test-method> <!-- stopDriver -->
      </class> <!-- Tests.UserRegisterationTest -->
    </test> <!-- Default test -->
  </suite> <!-- Default suite -->
</testng-results>
